<?xml version="1.0" encoding="UTF-8"?>
<!-- Generated by org.testng.reporters.JUnitReportReporter -->
<testsuite hostname="Kamini92" failures="0" tests="1" name="restAPI.PostRequestWithMap" time="1.147" errors="0" timestamp="08 Jul 2023 04:48:19 GMT" skipped="0">
  <testcase classname="restAPI.PostRequestWithMap" name="test1" time="1.147"/>
</testsuite> <!-- restAPI.PostRequestWithMap -->
