<?xml version="1.0" encoding="UTF-8"?>
<!-- Generated by org.testng.reporters.JUnitReportReporter -->
<testsuite hostname="Kamini92" failures="0" tests="1" name="restAPI.PostRequest" time="1.349" errors="0" timestamp="08 Jul 2023 04:31:30 GMT" skipped="0">
  <testcase classname="restAPI.PostRequest" name="test1" time="1.349"/>
</testsuite> <!-- restAPI.PostRequest -->
