<?xml version="1.0" encoding="UTF-8"?>
<!-- Generated by org.testng.reporters.JUnitReportReporter -->
<testsuite hostname="Kamini92" failures="0" tests="1" name="RestAPIUsingXML.XMLTest" time="3.173" errors="0" timestamp="09 Jul 2023 06:05:24 GMT" skipped="0">
  <testcase classname="RestAPIUsingXML.XMLTest" name="test2" time="3.173"/>
</testsuite> <!-- RestAPIUsingXML.XMLTest -->
