<?xml version="1.0" encoding="UTF-8"?>
<!-- Generated by org.testng.reporters.JUnitReportReporter -->
<testsuite hostname="Kamini92" failures="0" tests="1" name="restAPIBDD.PostRequestBDD" time="1.359" errors="0" timestamp="09 Jul 2023 04:43:35 GMT" skipped="0">
  <testcase classname="restAPIBDD.PostRequestBDD" name="test1" time="1.359"/>
</testsuite> <!-- restAPIBDD.PostRequestBDD -->
