<?xml version="1.0" encoding="UTF-8"?>
<!-- Generated by org.testng.reporters.JUnitReportReporter -->
<testsuite hostname="Kamini92" failures="0" tests="1" name="restAPI.PostRequestwithFile" time="1.090" errors="0" timestamp="08 Jul 2023 05:15:05 GMT" skipped="0">
  <testcase classname="restAPI.PostRequestwithFile" name="test" time="1.090"/>
</testsuite> <!-- restAPI.PostRequestwithFile -->
