<?xml version="1.0" encoding="UTF-8"?>
<!-- Generated by org.testng.reporters.JUnitReportReporter -->
<testsuite hostname="Kamini92" failures="0" tests="1" name="restAPI.PostRequestWithJsonObject" time="0.984" errors="0" timestamp="08 Jul 2023 05:17:38 GMT" skipped="0">
  <testcase classname="restAPI.PostRequestWithJsonObject" name="test1" time="0.984"/>
</testsuite> <!-- restAPI.PostRequestWithJsonObject -->
