<?xml version="1.0" encoding="UTF-8"?>
<!-- Generated by org.testng.reporters.JUnitReportReporter -->
<testsuite hostname="Kamini92" failures="0" tests="1" name="restAPI.GetRequestWithParam" time="1.744" errors="0" timestamp="02 Jul 2023 07:10:50 GMT" skipped="0">
  <testcase classname="restAPI.GetRequestWithParam" name="test1" time="1.744"/>
</testsuite> <!-- restAPI.GetRequestWithParam -->
