<?xml version="1.0" encoding="UTF-8"?>
<!-- Generated by org.testng.reporters.JUnitReportReporter -->
<testsuite hostname="Kamini92" failures="0" tests="1" name="restAPIBDD.GetRequestBDD" time="1.178" errors="0" timestamp="09 Jul 2023 04:34:35 GMT" skipped="0">
  <testcase classname="restAPIBDD.GetRequestBDD" name="test3" time="1.178"/>
</testsuite> <!-- restAPIBDD.GetRequestBDD -->
