<?xml version="1.0" encoding="UTF-8"?>
<!-- Generated by org.testng.reporters.JUnitReportReporter -->
<testsuite hostname="Kamini92" failures="0" tests="1" name="restAPI.DeleteRequest" time="0.966" errors="0" timestamp="08 Jul 2023 06:00:13 GMT" skipped="0">
  <testcase classname="restAPI.DeleteRequest" name="test1" time="0.966"/>
</testsuite> <!-- restAPI.DeleteRequest -->
